<?xml version="1.0" encoding="UTF-8"?>
<!-- Generated by org.testng.reporters.JUnitXMLReporter -->
<testsuite hostname="TYSS-Vijayalaxmi" ignored="2" name="Test" tests="2" failures="0" timestamp="2022-11-24T12:59:52 IST" time="0.041" errors="0">
  <testcase name="update" time="0.006" classname="PracticePackage.Script1Test"/>
  <testcase name="test1" time="0.001" classname="PracticePackage.Script2Test"/>
  <testcase name="delete" time="0.0" classname="PracticePackage.Script1Test">
    <ignored/>
  </testcase> <!-- delete -->
  <testcase name="create" time="0.0" classname="PracticePackage.Script1Test">
    <ignored/>
  </testcase> <!-- create -->
</testsuite> <!-- Test -->
