<?xml version="1.0" encoding="UTF-8"?>
<!-- Generated by org.testng.reporters.JUnitXMLReporter -->
<testsuite ignored="0" hostname="TYSS-Vijayalaxmi" failures="0" tests="6" name="Test" time="0.041" errors="0" timestamp="2022-11-23T12:11:54 IST">
  <testcase classname="PracticePackage.Script1Test" name="create" time="0.006"/>
  <testcase classname="PracticePackage.Script1Test" name="delete" time="0.001"/>
  <testcase classname="PracticePackage.Script1Test" name="update" time="0.001"/>
  <testcase classname="PracticePackage.Script2Test" name="simple1" time="0.001"/>
  <testcase classname="PracticePackage.Script2Test" name="simple2" time="0.001"/>
  <testcase classname="PracticePackage.Script2Test" name="simple3" time="0.001"/>
</testsuite> <!-- Test -->
