<?xml version="1.0" encoding="UTF-8"?>
<!-- Generated by org.testng.reporters.JUnitXMLReporter -->
<testsuite hostname="TYSS-Vijayalaxmi" ignored="0" name="Command line test" tests="10" failures="0" timestamp="2022-11-17T15:34:10 IST" time="0.037" errors="0">
  <testcase name="readDataFromCmdLine" time="0.003" classname="PracticePackage.ReadDataFromCmdLineTest"/>
  <testcase name="create" time="0.0" classname="PracticePackage.Script1Test"/>
  <testcase name="delete" time="0.0" classname="PracticePackage.Script1Test"/>
  <testcase name="update" time="0.001" classname="PracticePackage.Script1Test"/>
  <testcase name="simple1" time="0.0" classname="PracticePackage.Script2Test"/>
  <testcase name="simple2" time="0.001" classname="PracticePackage.Script2Test"/>
  <testcase name="simple3" time="0.0" classname="PracticePackage.Script2Test"/>
  <testcase name="sample1" time="0.0" classname="PracticePackage.Script3Test"/>
  <testcase name="sample2" time="0.0" classname="PracticePackage.Script3Test"/>
  <testcase name="sample3" time="0.0" classname="PracticePackage.Script3Test"/>
</testsuite> <!-- Command line test -->
