<?xml version="1.0" encoding="UTF-8"?>
<testng-results skipped="0" failed="0" ignored="0" total="10" passed="10">
  <reporter-output>
  </reporter-output>
  <suite name="Command line suite" duration-ms="37" started-at="2022-11-17T15:34:10 IST" finished-at="2022-11-17T15:34:10 IST">
    <groups>
      <group name="regression">
        <method signature="Script2Test.simple1()[pri:0, instance:PracticePackage.Script2Test@3a883ce7]" name="simple1" class="PracticePackage.Script2Test"/>
        <method signature="Script2Test.simple2()[pri:0, instance:PracticePackage.Script2Test@3a883ce7]" name="simple2" class="PracticePackage.Script2Test"/>
        <method signature="Script3Test.sample1()[pri:0, instance:PracticePackage.Script3Test@4973813a]" name="sample1" class="PracticePackage.Script3Test"/>
      </group> <!-- regression -->
      <group name="smoke">
        <method signature="Script1Test.create()[pri:0, instance:PracticePackage.Script1Test@cd2dae5]" name="create" class="PracticePackage.Script1Test"/>
        <method signature="Script2Test.simple2()[pri:0, instance:PracticePackage.Script2Test@3a883ce7]" name="simple2" class="PracticePackage.Script2Test"/>
      </group> <!-- smoke -->
    </groups>
    <test name="Command line test" duration-ms="37" started-at="2022-11-17T15:34:10 IST" finished-at="2022-11-17T15:34:10 IST">
      <class name="PracticePackage.Script2Test">
        <test-method status="PASS" signature="simple2()[pri:0, instance:PracticePackage.Script2Test@3a883ce7]" name="simple2" duration-ms="1" started-at="2022-11-17T15:34:10 IST" finished-at="2022-11-17T15:34:10 IST">
          <reporter-output>
          </reporter-output>
        </test-method> <!-- simple2 -->
        <test-method status="PASS" signature="simple1()[pri:0, instance:PracticePackage.Script2Test@3a883ce7]" name="simple1" duration-ms="0" started-at="2022-11-17T15:34:10 IST" finished-at="2022-11-17T15:34:10 IST">
          <reporter-output>
          </reporter-output>
        </test-method> <!-- simple1 -->
        <test-method status="PASS" signature="simple3()[pri:0, instance:PracticePackage.Script2Test@3a883ce7]" name="simple3" duration-ms="0" started-at="2022-11-17T15:34:10 IST" finished-at="2022-11-17T15:34:10 IST">
          <reporter-output>
          </reporter-output>
        </test-method> <!-- simple3 -->
      </class> <!-- PracticePackage.Script2Test -->
      <class name="PracticePackage.Script3Test">
        <test-method status="PASS" signature="sample1()[pri:0, instance:PracticePackage.Script3Test@4973813a]" name="sample1" duration-ms="0" started-at="2022-11-17T15:34:10 IST" finished-at="2022-11-17T15:34:10 IST">
          <reporter-output>
          </reporter-output>
        </test-method> <!-- sample1 -->
        <test-method status="PASS" signature="sample2()[pri:0, instance:PracticePackage.Script3Test@4973813a]" name="sample2" duration-ms="0" started-at="2022-11-17T15:34:10 IST" finished-at="2022-11-17T15:34:10 IST">
          <reporter-output>
          </reporter-output>
        </test-method> <!-- sample2 -->
        <test-method status="PASS" signature="sample3()[pri:0, instance:PracticePackage.Script3Test@4973813a]" name="sample3" duration-ms="0" started-at="2022-11-17T15:34:10 IST" finished-at="2022-11-17T15:34:10 IST">
          <reporter-output>
          </reporter-output>
        </test-method> <!-- sample3 -->
      </class> <!-- PracticePackage.Script3Test -->
      <class name="PracticePackage.ReadDataFromCmdLineTest">
        <test-method status="PASS" signature="readDataFromCmdLine()[pri:0, instance:PracticePackage.ReadDataFromCmdLineTest@2758fe70]" name="readDataFromCmdLine" duration-ms="3" started-at="2022-11-17T15:34:10 IST" finished-at="2022-11-17T15:34:10 IST">
          <reporter-output>
          </reporter-output>
        </test-method> <!-- readDataFromCmdLine -->
      </class> <!-- PracticePackage.ReadDataFromCmdLineTest -->
      <class name="PracticePackage.Script1Test">
        <test-method status="PASS" signature="create()[pri:0, instance:PracticePackage.Script1Test@cd2dae5]" name="create" duration-ms="0" started-at="2022-11-17T15:34:10 IST" finished-at="2022-11-17T15:34:10 IST">
          <reporter-output>
          </reporter-output>
        </test-method> <!-- create -->
        <test-method status="PASS" signature="delete()[pri:0, instance:PracticePackage.Script1Test@cd2dae5]" name="delete" duration-ms="0" started-at="2022-11-17T15:34:10 IST" finished-at="2022-11-17T15:34:10 IST">
          <reporter-output>
          </reporter-output>
        </test-method> <!-- delete -->
        <test-method status="PASS" signature="update()[pri:0, instance:PracticePackage.Script1Test@cd2dae5]" name="update" duration-ms="1" started-at="2022-11-17T15:34:10 IST" finished-at="2022-11-17T15:34:10 IST">
          <reporter-output>
          </reporter-output>
        </test-method> <!-- update -->
      </class> <!-- PracticePackage.Script1Test -->
    </test> <!-- Command line test -->
  </suite> <!-- Command line suite -->
</testng-results>
