<?xml version="1.0" encoding="UTF-8"?>
<testng-results skipped="0" failed="0" ignored="0" total="1" passed="1">
  <reporter-output>
  </reporter-output>
  <suite name="Default suite" duration-ms="36" started-at="2022-11-24T12:06:19 IST" finished-at="2022-11-24T12:06:19 IST">
    <groups>
    </groups>
    <test name="Default test" duration-ms="36" started-at="2022-11-24T12:06:19 IST" finished-at="2022-11-24T12:06:19 IST">
      <class name="PracticePackage.ReadDataFromCmdLineTest">
        <test-method status="PASS" signature="readDataFromCmdLine()[pri:0, instance:PracticePackage.ReadDataFromCmdLineTest@262b2c86]" name="readDataFromCmdLine" duration-ms="6" started-at="2022-11-24T12:06:19 IST" finished-at="2022-11-24T12:06:19 IST">
          <reporter-output>
          </reporter-output>
        </test-method> <!-- readDataFromCmdLine -->
      </class> <!-- PracticePackage.ReadDataFromCmdLineTest -->
    </test> <!-- Default test -->
  </suite> <!-- Default suite -->
</testng-results>
