<?xml version="1.0" encoding="UTF-8"?>
<testng-results ignored="0" total="6" passed="6" failed="0" skipped="0">
  <reporter-output>
  </reporter-output>
  <suite started-at="2022-11-23T12:11:54 IST" name="Suite" finished-at="2022-11-23T12:11:54 IST" duration-ms="41">
    <groups>
    </groups>
    <test started-at="2022-11-23T12:11:54 IST" name="Test" finished-at="2022-11-23T12:11:54 IST" duration-ms="41">
      <class name="PracticePackage.Script2Test">
        <test-method signature="simple1()[pri:0, instance:PracticePackage.Script2Test@2b91004a]" started-at="2022-11-23T12:11:54 IST" name="simple1" finished-at="2022-11-23T12:11:54 IST" duration-ms="1" status="PASS">
          <reporter-output>
          </reporter-output>
        </test-method> <!-- simple1 -->
        <test-method signature="simple2()[pri:0, instance:PracticePackage.Script2Test@2b91004a]" started-at="2022-11-23T12:11:54 IST" name="simple2" finished-at="2022-11-23T12:11:54 IST" duration-ms="1" status="PASS">
          <reporter-output>
          </reporter-output>
        </test-method> <!-- simple2 -->
        <test-method signature="simple3()[pri:0, instance:PracticePackage.Script2Test@2b91004a]" started-at="2022-11-23T12:11:54 IST" name="simple3" finished-at="2022-11-23T12:11:54 IST" duration-ms="1" status="PASS">
          <reporter-output>
          </reporter-output>
        </test-method> <!-- simple3 -->
      </class> <!-- PracticePackage.Script2Test -->
      <class name="PracticePackage.Script1Test">
        <test-method signature="create()[pri:0, instance:PracticePackage.Script1Test@5fbdfdcf]" started-at="2022-11-23T12:11:54 IST" name="create" finished-at="2022-11-23T12:11:54 IST" duration-ms="6" status="PASS">
          <reporter-output>
          </reporter-output>
        </test-method> <!-- create -->
        <test-method signature="delete()[pri:0, instance:PracticePackage.Script1Test@5fbdfdcf]" started-at="2022-11-23T12:11:54 IST" name="delete" finished-at="2022-11-23T12:11:54 IST" duration-ms="1" status="PASS">
          <reporter-output>
          </reporter-output>
        </test-method> <!-- delete -->
        <test-method signature="update()[pri:0, instance:PracticePackage.Script1Test@5fbdfdcf]" started-at="2022-11-23T12:11:54 IST" name="update" finished-at="2022-11-23T12:11:54 IST" duration-ms="1" status="PASS">
          <reporter-output>
          </reporter-output>
        </test-method> <!-- update -->
      </class> <!-- PracticePackage.Script1Test -->
    </test> <!-- Test -->
  </suite> <!-- Suite -->
</testng-results>
